<?xml version="1.0" encoding="UTF-8" ?>
<testsuites>
 <testsuite name="Answer component" timestamp="2016-11-28T21:44:56" hostname="localhost" time="1.149" errors="0" tests="12" skipped="0" disabled="0" failures="0">
  <testcase classname="Answer component" name="renders a Typeahead when layout class is typeahead" time="0.109" />
  <testcase classname="Answer component" name="loads typeahead options when layout class is typeahead and no possible values are specified" time="0.035" />
  <testcase classname="Answer component" name="maps answer object value to string label for the typeahead component" time="0.031" />
  <testcase classname="Answer component" name="shows input with text value of the answer when no layout class is specified" time="0.372" />
  <testcase classname="Answer component" name="renders date picker with answer value when date layout class is specified" time="0.189" />
  <testcase classname="Answer component" name="renders time picker with answer value when time layout class is specified" time="0.068" />
  <testcase classname="Answer component" name="renders datetime picker with answer value when datetime layout class is specified" time="0.149" />
  <testcase classname="Answer component" name="renders datetime picker with answer value when no layout class is specified and numeric answer value is used" time="0.138" />
  <testcase classname="Answer component" name="renders checkbox with answer value when checkbox layout class is specified" time="0.012" />
  <testcase classname="Answer component" name="renders numeric input with answer value when number layout class is specified" time="0.011" />
  <testcase classname="Answer component" name="renders textarea for answer with long value" time="0.014" />
  <testcase classname="Answer component" name="renders masked input for question with masked-input layout class" time="0.015" />
 </testsuite>
</testsuites>