<?xml version="1.0" encoding="UTF-8" ?>
<testsuites>
 <testsuite name="MaskedInputAnswer" timestamp="2016-11-28T21:44:58" hostname="localhost" time="0.024" errors="0" tests="2" skipped="0" disabled="0" failures="0">
  <testcase classname="MaskedInputAnswer" name="renders a regular input when question contains no mask" time="0.009" />
  <testcase classname="MaskedInputAnswer" name="render disabled masked input with value when disabled layout class is specified" time="0.015" />
 </testsuite>
</testsuites>