<?xml version="1.0" encoding="UTF-8" ?>
<testsuites>
 <testsuite name="Utility functions tests" timestamp="2016-11-14T13:45:13" hostname="localhost" time="0.172" errors="0" tests="0" skipped="0" disabled="0" failures="0">
 </testsuite>
 <testsuite name="Utility functions tests.processTypeaheadOptions" timestamp="2016-11-14T13:45:13" hostname="localhost" time="0.01" errors="0" tests="4" skipped="0" disabled="0" failures="0">
  <testcase classname="Utility functions tests.processTypeaheadOptions" name="transforms JSON-LD input into Typeahead-friendly format" time="0.006" />
  <testcase classname="Utility functions tests.processTypeaheadOptions" name="handles transformation of an empty array" time="0" />
  <testcase classname="Utility functions tests.processTypeaheadOptions" name="handles transformation of null/undefined" time="0.001" />
  <testcase classname="Utility functions tests.processTypeaheadOptions" name="uses locale to return localized typeahead options from JSON-LD" time="0.001" />
 </testsuite>
 <testsuite name="Utility functions tests.jsonLdToTypeaheadOption" timestamp="2016-11-14T13:45:13" hostname="localhost" time="0.001" errors="0" tests="2" skipped="0" disabled="0" failures="0">
  <testcase classname="Utility functions tests.jsonLdToTypeaheadOption" name="returns localized value of the JSON-LD RDFS label as name" time="0" />
  <testcase classname="Utility functions tests.jsonLdToTypeaheadOption" name="returns localized value of the JSON-LD RDFS comment as description" time="0" />
 </testsuite>
 <testsuite name="Utility functions tests.getJsonAttValue" timestamp="2016-11-14T13:45:13" hostname="localhost" time="0.003" errors="0" tests="5" skipped="0" disabled="0" failures="0">
  <testcase classname="Utility functions tests.getJsonAttValue" name="extracts value of a JSON literal value" time="0" />
  <testcase classname="Utility functions tests.getJsonAttValue" name="extracts value from a JSON value object with tag" time="0" />
  <testcase classname="Utility functions tests.getJsonAttValue" name="returns null if the attribute is not present" time="0.001" />
  <testcase classname="Utility functions tests.getJsonAttValue" name="extracts value using the passed in &apos;by&apos; attribute" time="0" />
  <testcase classname="Utility functions tests.getJsonAttValue" name="extracts boolean literal value" time="0.001" />
 </testsuite>
 <testsuite name="Utility functions tests.hasValue" timestamp="2016-11-14T13:45:13" hostname="localhost" time="0.002" errors="0" tests="4" skipped="0" disabled="0" failures="0">
  <testcase classname="Utility functions tests.hasValue" name="returns true for literal value of attribute" time="0" />
  <testcase classname="Utility functions tests.hasValue" name="returns true for value in property array" time="0.001" />
  <testcase classname="Utility functions tests.hasValue" name="returns true for object with @id attribute equal to expected value" time="0" />
  <testcase classname="Utility functions tests.hasValue" name="returns false for different property value" time="0.001" />
 </testsuite>
 <testsuite name="Utility functions tests.jsonLdToSelectOption" timestamp="2016-11-14T13:45:13" hostname="localhost" time="0.155" errors="0" tests="4" skipped="0" disabled="0" failures="0">
  <testcase classname="Utility functions tests.jsonLdToSelectOption" name="generates an object suitable for select option generation from a JSON-LD object" time="0.153" />
  <testcase classname="Utility functions tests.jsonLdToSelectOption" name="returns null from null argument" time="0" />
  <testcase classname="Utility functions tests.jsonLdToSelectOption" name="returns localized value of the JSON-LD RDFS label as label" time="0" />
  <testcase classname="Utility functions tests.jsonLdToSelectOption" name="returns option with localized value of the JSON-LD RDFS comment as title" time="0.001" />
 </testsuite>
 <testsuite name="Utility functions tests.JSON-LD Utils" timestamp="2016-11-14T13:45:13" hostname="localhost" time="0.001" errors="0" tests="3" skipped="0" disabled="0" failures="0">
  <testcase classname="Utility functions tests.JSON-LD Utils" name="extracts localized version of label" time="0" />
  <testcase classname="Utility functions tests.JSON-LD Utils" name="falls back to default locale when data does not support current locale" time="0.001" />
  <testcase classname="Utility functions tests.JSON-LD Utils" name="returns null for null/undefined data passed in" time="0" />
 </testsuite>
</testsuites>