<?xml version="1.0" encoding="UTF-8" ?>
<testsuites>
 <testsuite name="Utility functions tests" timestamp="2016-08-22T15:58:25" hostname="localhost" time="0.013" errors="0" tests="0" skipped="0" disabled="0" failures="0">
 </testsuite>
 <testsuite name="Utility functions tests.processTypeaheadOptions" timestamp="2016-08-22T15:58:25" hostname="localhost" time="0.008" errors="0" tests="3" skipped="0" disabled="0" failures="0">
  <testcase classname="Utility functions tests.processTypeaheadOptions" name="transforms JSON-LD input into Typeahead-friendly format" time="0.006" />
  <testcase classname="Utility functions tests.processTypeaheadOptions" name="handles transformation of an empty array" time="0" />
  <testcase classname="Utility functions tests.processTypeaheadOptions" name="handles transformation of null/undefined" time="0.001" />
 </testsuite>
 <testsuite name="Utility functions tests.getJsonAttValue" timestamp="2016-08-22T15:58:25" hostname="localhost" time="0.001" errors="0" tests="4" skipped="0" disabled="0" failures="0">
  <testcase classname="Utility functions tests.getJsonAttValue" name="extracts value of a JSON literal value" time="0" />
  <testcase classname="Utility functions tests.getJsonAttValue" name="extracts value from a JSON value object with tag" time="0" />
  <testcase classname="Utility functions tests.getJsonAttValue" name="returns null if the attribute is not present" time="0.001" />
  <testcase classname="Utility functions tests.getJsonAttValue" name="extracts value using the passed in &apos;by&apos; attribute" time="0" />
 </testsuite>
 <testsuite name="Utility functions tests.JSON-LD Utils" timestamp="2016-08-22T15:58:25" hostname="localhost" time="0.002" errors="0" tests="3" skipped="0" disabled="0" failures="0">
  <testcase classname="Utility functions tests.JSON-LD Utils" name="extracts localized version of label" time="0.001" />
  <testcase classname="Utility functions tests.JSON-LD Utils" name="falls back to default locale when data does not support current locale" time="0" />
  <testcase classname="Utility functions tests.JSON-LD Utils" name="returns null for null/undefined data passed in" time="0.001" />
 </testsuite>
</testsuites>