<?xml version="1.0" encoding="UTF-8" ?>
<testsuites>
 <testsuite name="FormUtils" timestamp="2016-11-28T21:44:58" hostname="localhost" time="0.144" errors="0" tests="0" skipped="0" disabled="0" failures="0">
 </testsuite>
 <testsuite name="FormUtils.isForm" timestamp="2016-11-28T21:44:58" hostname="localhost" time="0.108" errors="0" tests="2" skipped="0" disabled="0" failures="0">
  <testcase classname="FormUtils.isForm" name="returns true for a form element." time="0" />
  <testcase classname="FormUtils.isForm" name="returns false for non-form element." time="0.107" />
 </testsuite>
 <testsuite name="FormUtils.isWizardStep" timestamp="2016-11-28T21:44:58" hostname="localhost" time="0.001" errors="0" tests="2" skipped="0" disabled="0" failures="0">
  <testcase classname="FormUtils.isWizardStep" name="returns true for a wizard step question" time="0.001" />
  <testcase classname="FormUtils.isWizardStep" name="returns false for a section" time="0" />
 </testsuite>
 <testsuite name="FormUtils.isSection" timestamp="2016-11-28T21:44:58" hostname="localhost" time="0.001" errors="0" tests="2" skipped="0" disabled="0" failures="0">
  <testcase classname="FormUtils.isSection" name="returns true for a section." time="0" />
  <testcase classname="FormUtils.isSection" name="returns false for a regular question." time="0" />
 </testsuite>
 <testsuite name="FormUtils.isTypeahead" timestamp="2016-11-28T21:44:58" hostname="localhost" time="0.019" errors="0" tests="2" skipped="0" disabled="0" failures="0">
  <testcase classname="FormUtils.isTypeahead" name="returns true for a typeahead question." time="0" />
  <testcase classname="FormUtils.isTypeahead" name="returns false for a regular question." time="0.001" />
 </testsuite>
 <testsuite name="FormUtils.isDisabled" timestamp="2016-11-28T21:44:58" hostname="localhost" time="0.001" errors="0" tests="2" skipped="0" disabled="0" failures="0">
  <testcase classname="FormUtils.isDisabled" name="returns true for a disabled question." time="0" />
  <testcase classname="FormUtils.isDisabled" name="returns false for enabled question." time="0.001" />
 </testsuite>
 <testsuite name="FormUtils.isHidden" timestamp="2016-11-28T21:44:58" hostname="localhost" time="0.001" errors="0" tests="2" skipped="0" disabled="0" failures="0">
  <testcase classname="FormUtils.isHidden" name="returns true for a hidden question." time="0" />
  <testcase classname="FormUtils.isHidden" name="returns false for a normal question" time="0.001" />
 </testsuite>
 <testsuite name="FormUtils.isCalendar" timestamp="2016-11-28T21:44:58" hostname="localhost" time="0.001" errors="0" tests="2" skipped="0" disabled="0" failures="0">
  <testcase classname="FormUtils.isCalendar" name="returns true for a date question" time="0" />
  <testcase classname="FormUtils.isCalendar" name="returns false for a regular question" time="0.001" />
 </testsuite>
 <testsuite name="FormUtils.isDate" timestamp="2016-11-28T21:44:58" hostname="localhost" time="0.002" errors="0" tests="2" skipped="0" disabled="0" failures="0">
  <testcase classname="FormUtils.isDate" name="returns true for a date question" time="0.002" />
  <testcase classname="FormUtils.isDate" name="returns false for a regular question" time="0" />
 </testsuite>
 <testsuite name="FormUtils.isTime" timestamp="2016-11-28T21:44:58" hostname="localhost" time="0.001" errors="0" tests="2" skipped="0" disabled="0" failures="0">
  <testcase classname="FormUtils.isTime" name="returns true for a time question" time="0" />
  <testcase classname="FormUtils.isTime" name="returns false for a regular question" time="0" />
 </testsuite>
 <testsuite name="FormUtils.isDateTime" timestamp="2016-11-28T21:44:58" hostname="localhost" time="0.001" errors="0" tests="2" skipped="0" disabled="0" failures="0">
  <testcase classname="FormUtils.isDateTime" name="returns true for a datetime question" time="0" />
  <testcase classname="FormUtils.isDateTime" name="returns false for a regular question" time="0.001" />
 </testsuite>
 <testsuite name="FormUtils.isCheckbox" timestamp="2016-11-28T21:44:58" hostname="localhost" time="0.001" errors="0" tests="2" skipped="0" disabled="0" failures="0">
  <testcase classname="FormUtils.isCheckbox" name="returns true for a checkbox question" time="0" />
  <testcase classname="FormUtils.isCheckbox" name="returns false for a non-checkbox question" time="0.001" />
 </testsuite>
 <testsuite name="FormUtils.isAnswerable" timestamp="2016-11-28T21:44:58" hostname="localhost" time="0.001" errors="0" tests="2" skipped="0" disabled="0" failures="0">
  <testcase classname="FormUtils.isAnswerable" name="returns true for an answerable section-question" time="0" />
  <testcase classname="FormUtils.isAnswerable" name="returns false for a non-answerable section-question" time="0.001" />
 </testsuite>
 <testsuite name="FormUtils.isMaskedInput" timestamp="2016-11-28T21:44:58" hostname="localhost" time="0.001" errors="0" tests="2" skipped="0" disabled="0" failures="0">
  <testcase classname="FormUtils.isMaskedInput" name="returns true for a question with masked input layout class" time="0" />
  <testcase classname="FormUtils.isMaskedInput" name="returns false for a non-masked question" time="0.001" />
 </testsuite>
 <testsuite name="FormUtils.resolveValue" timestamp="2016-11-28T21:44:58" hostname="localhost" time="0.001" errors="0" tests="3" skipped="0" disabled="0" failures="0">
  <testcase classname="FormUtils.resolveValue" name="returns null for no answer" time="0" />
  <testcase classname="FormUtils.resolveValue" name="returns identifier of code value answer" time="0" />
  <testcase classname="FormUtils.resolveValue" name="returns value of data value answer" time="0" />
 </testsuite>
 <testsuite name="FormUtils.testCondition" timestamp="2016-11-28T21:44:58" hostname="localhost" time="0.004" errors="0" tests="3" skipped="0" disabled="0" failures="0">
  <testcase classname="FormUtils.testCondition" name="returns false in condition without answer values." time="0.002" />
  <testcase classname="FormUtils.testCondition" name="return true if accepts value that exists in a question." time="0.002" />
  <testcase classname="FormUtils.testCondition" name="return false if accepts value that does not exists in a question." time="0" />
 </testsuite>
</testsuites>