<?xml version="1.0" encoding="UTF-8" ?>
<testsuites>
 <testsuite name="InputAnswer" timestamp="2016-11-28T21:44:58" hostname="localhost" time="0.071" errors="0" tests="6" skipped="0" disabled="0" failures="0">
  <testcase classname="InputAnswer" name="sets min on numeric input when xsd:minInclusive is used in question" time="0.019" />
  <testcase classname="InputAnswer" name="sets min on numeric input when xsd:minExclusive is used in question" time="0.009" />
  <testcase classname="InputAnswer" name="sets max on numeric input when xsd:maxExclusive is used in question" time="0.009" />
  <testcase classname="InputAnswer" name="sets max on numeric input when xsd:maxInclusive is used in question" time="0.011" />
  <testcase classname="InputAnswer" name="sets both min and max on numeric input when both are used in question" time="0.008" />
  <testcase classname="InputAnswer" name="sets min when xsd:positiveInteger is used as question datatype" time="0.012" />
 </testsuite>
</testsuites>