<?xml version="1.0" encoding="UTF-8" ?>
<testsuites>
 <testsuite name="Default form generator" timestamp="2016-11-28T21:44:58" hostname="localhost" time="0.013" errors="0" tests="4" skipped="0" disabled="0" failures="0">
  <testcase classname="Default form generator" name="generates empty one-step wizard as a default form" time="0.009" />
  <testcase classname="Default form generator" name="generates wizard with data for which report with QA was provided" time="0.001" />
  <testcase classname="Default form generator" name="sets IDs of questions and answers from existing form values" time="0.001" />
  <testcase classname="Default form generator" name="creates a clone of the form template, so that modifications to the form do not affect the original template" time="0.001" />
 </testsuite>
</testsuites>