<?xml version="1.0" encoding="UTF-8" ?>
<testsuites>
 <testsuite name="Question answer processor" timestamp="2016-11-28T21:44:58" hostname="localhost" time="0.158" errors="0" tests="5" skipped="0" disabled="0" failures="0">
  <testcase classname="Question answer processor" name="transforms answers for a question" time="0.002" />
  <testcase classname="Question answer processor" name="transforms hierarchy of questions and answers" time="0.081" />
  <testcase classname="Question answer processor" name="Stores origin of questions" time="0.032" />
  <testcase classname="Question answer processor" name="Stores origin of answers" time="0.001" />
  <testcase classname="Question answer processor" name="builds QAM from the specified questions and answers, including form root" time="0.04" />
 </testsuite>
</testsuites>